[2017-10-24 15:21:03 +0000] [5027] [INFO] Starting gunicorn 19.7.1
[2017-10-24 15:21:03 +0000] [5027] [INFO] Listening at: http://127.0.0.1:8000 (5027)
[2017-10-24 15:21:03 +0000] [5027] [INFO] Using worker: gevent
[2017-10-24 15:21:03 +0000] [5032] [INFO] Booting worker with pid: 5032
[2017-10-24 15:21:03 +0000] [5033] [INFO] Booting worker with pid: 5033
[2017-10-24 15:21:03 +0000] [5036] [INFO] Booting worker with pid: 5036
[2017-10-24 15:21:03 +0000] [5040] [INFO] Booting worker with pid: 5040
[2017-10-24 15:21:04 +0000] [5042] [INFO] Booting worker with pid: 5042
[2017-10-24 15:21:04 +0000] [5044] [INFO] Booting worker with pid: 5044
[2017-10-24 15:21:04 +0000] [5046] [INFO] Booting worker with pid: 5046
[2017-10-24 15:21:04 +0000] [5047] [INFO] Booting worker with pid: 5047
[2017-10-24 15:21:04 +0000] [5048] [INFO] Booting worker with pid: 5048
[2017-10-24 15:21:04 +0000] [5050] [INFO] Booting worker with pid: 5050
[2017-10-24 19:08:09 +0000] [5027] [INFO] Handling signal: term
[2017-10-24 19:08:09 +0000] [5036] [INFO] Worker exiting (pid: 5036)
[2017-10-24 19:08:09 +0000] [5044] [INFO] Worker exiting (pid: 5044)
[2017-10-24 19:08:10 +0000] [5047] [INFO] Worker exiting (pid: 5047)
[2017-10-24 19:08:10 +0000] [5042] [INFO] Worker exiting (pid: 5042)
[2017-10-24 19:08:10 +0000] [5040] [INFO] Worker exiting (pid: 5040)
[2017-10-24 19:08:10 +0000] [5032] [INFO] Worker exiting (pid: 5032)
[2017-10-24 19:08:10 +0000] [5046] [INFO] Worker exiting (pid: 5046)
[2017-10-24 19:08:10 +0000] [5048] [INFO] Worker exiting (pid: 5048)
[2017-10-24 19:08:10 +0000] [5050] [INFO] Worker exiting (pid: 5050)
[2017-10-24 19:08:10 +0000] [5033] [INFO] Worker exiting (pid: 5033)
[2017-10-24 19:08:10 +0000] [5027] [INFO] Shutting down: Master
[2017-10-24 19:08:19 +0000] [16358] [INFO] Starting gunicorn 19.7.1
[2017-10-24 19:08:19 +0000] [16358] [INFO] Listening at: http://127.0.0.1:8000 (16358)
[2017-10-24 19:08:19 +0000] [16358] [INFO] Using worker: gevent
[2017-10-24 19:08:19 +0000] [16363] [INFO] Booting worker with pid: 16363
[2017-10-24 19:08:19 +0000] [16368] [INFO] Booting worker with pid: 16368
[2017-10-24 19:08:19 +0000] [16369] [INFO] Booting worker with pid: 16369
[2017-10-24 19:08:19 +0000] [16370] [INFO] Booting worker with pid: 16370
[2017-10-24 19:08:19 +0000] [16371] [INFO] Booting worker with pid: 16371
[2017-10-24 19:08:20 +0000] [16373] [INFO] Booting worker with pid: 16373
[2017-10-24 19:08:20 +0000] [16378] [INFO] Booting worker with pid: 16378
[2017-10-24 19:08:20 +0000] [16380] [INFO] Booting worker with pid: 16380
[2017-10-24 19:08:20 +0000] [16383] [INFO] Booting worker with pid: 16383
[2017-10-24 19:08:20 +0000] [16386] [INFO] Booting worker with pid: 16386
[2017-10-24 19:42:52 +0000] [16358] [INFO] Handling signal: term
[2017-10-24 19:42:52 +0000] [16368] [INFO] Worker exiting (pid: 16368)
[2017-10-24 19:42:53 +0000] [16369] [INFO] Worker exiting (pid: 16369)
[2017-10-24 19:42:53 +0000] [16363] [INFO] Worker exiting (pid: 16363)
[2017-10-24 19:42:53 +0000] [16371] [INFO] Worker exiting (pid: 16371)
[2017-10-24 19:42:53 +0000] [16370] [INFO] Worker exiting (pid: 16370)
[2017-10-24 19:42:53 +0000] [16373] [INFO] Worker exiting (pid: 16373)
[2017-10-24 19:42:53 +0000] [16378] [INFO] Worker exiting (pid: 16378)
[2017-10-24 19:42:53 +0000] [16380] [INFO] Worker exiting (pid: 16380)
[2017-10-24 19:42:53 +0000] [16386] [INFO] Worker exiting (pid: 16386)
[2017-10-24 19:42:53 +0000] [16383] [INFO] Worker exiting (pid: 16383)
[2017-10-24 19:42:53 +0000] [16358] [INFO] Shutting down: Master
[2017-10-24 19:42:57 +0000] [18150] [INFO] Starting gunicorn 19.7.1
[2017-10-24 19:42:57 +0000] [18150] [INFO] Listening at: http://127.0.0.1:8000 (18150)
[2017-10-24 19:42:57 +0000] [18150] [INFO] Using worker: gevent
[2017-10-24 19:42:57 +0000] [18155] [INFO] Booting worker with pid: 18155
[2017-10-24 19:42:57 +0000] [18156] [INFO] Booting worker with pid: 18156
[2017-10-24 19:42:57 +0000] [18157] [INFO] Booting worker with pid: 18157
[2017-10-24 19:42:57 +0000] [18158] [INFO] Booting worker with pid: 18158
[2017-10-24 19:42:57 +0000] [18160] [INFO] Booting worker with pid: 18160
[2017-10-24 19:42:57 +0000] [18163] [INFO] Booting worker with pid: 18163
[2017-10-24 19:42:57 +0000] [18165] [INFO] Booting worker with pid: 18165
[2017-10-24 19:42:57 +0000] [18166] [INFO] Booting worker with pid: 18166
[2017-10-24 19:42:57 +0000] [18169] [INFO] Booting worker with pid: 18169
[2017-10-24 19:42:57 +0000] [18171] [INFO] Booting worker with pid: 18171
[2017-10-24 19:52:54 +0000] [18150] [INFO] Handling signal: term
[2017-10-24 19:52:54 +0000] [18155] [INFO] Worker exiting (pid: 18155)
[2017-10-24 19:52:55 +0000] [18156] [INFO] Worker exiting (pid: 18156)
[2017-10-24 19:52:55 +0000] [18157] [INFO] Worker exiting (pid: 18157)
[2017-10-24 19:52:55 +0000] [18160] [INFO] Worker exiting (pid: 18160)
[2017-10-24 19:52:55 +0000] [18158] [INFO] Worker exiting (pid: 18158)
[2017-10-24 19:52:55 +0000] [18163] [INFO] Worker exiting (pid: 18163)
[2017-10-24 19:52:55 +0000] [18165] [INFO] Worker exiting (pid: 18165)
[2017-10-24 19:52:55 +0000] [18166] [INFO] Worker exiting (pid: 18166)
[2017-10-24 19:52:55 +0000] [18171] [INFO] Worker exiting (pid: 18171)
['117', '136', '46', '39']
[2017-10-24 19:52:55 +0000] [18169] [INFO] Worker exiting (pid: 18169)
[2017-10-24 19:52:55 +0000] [18150] [INFO] Shutting down: Master
[2017-10-24 19:52:57 +0000] [18751] [INFO] Starting gunicorn 19.7.1
[2017-10-24 19:52:57 +0000] [18751] [INFO] Listening at: http://127.0.0.1:8000 (18751)
[2017-10-24 19:52:57 +0000] [18751] [INFO] Using worker: gevent
[2017-10-24 19:52:57 +0000] [18756] [INFO] Booting worker with pid: 18756
[2017-10-24 19:52:57 +0000] [18757] [INFO] Booting worker with pid: 18757
[2017-10-24 19:52:57 +0000] [18761] [INFO] Booting worker with pid: 18761
[2017-10-24 19:52:57 +0000] [18762] [INFO] Booting worker with pid: 18762
[2017-10-24 19:52:57 +0000] [18764] [INFO] Booting worker with pid: 18764
[2017-10-24 19:52:57 +0000] [18766] [INFO] Booting worker with pid: 18766
[2017-10-24 19:52:57 +0000] [18769] [INFO] Booting worker with pid: 18769
[2017-10-24 19:52:57 +0000] [18771] [INFO] Booting worker with pid: 18771
[2017-10-24 19:52:57 +0000] [18773] [INFO] Booting worker with pid: 18773
[2017-10-24 19:52:57 +0000] [18775] [INFO] Booting worker with pid: 18775
[2017-10-25 15:00:21 +0000] [18751] [INFO] Handling signal: term
[2017-10-25 15:00:21 +0000] [18757] [INFO] Worker exiting (pid: 18757)
[2017-10-25 15:00:21 +0000] [18761] [INFO] Worker exiting (pid: 18761)
[2017-10-25 15:00:21 +0000] [18775] [INFO] Worker exiting (pid: 18775)
[2017-10-25 15:00:21 +0000] [18769] [INFO] Worker exiting (pid: 18769)
[2017-10-25 15:00:21 +0000] [18773] [INFO] Worker exiting (pid: 18773)
[2017-10-25 15:00:21 +0000] [18764] [INFO] Worker exiting (pid: 18764)
[2017-10-25 15:00:21 +0000] [18766] [INFO] Worker exiting (pid: 18766)
[2017-10-25 15:00:21 +0000] [18756] [INFO] Worker exiting (pid: 18756)
[2017-10-25 15:00:21 +0000] [18771] [INFO] Worker exiting (pid: 18771)
[2017-10-25 15:00:21 +0000] [18762] [INFO] Worker exiting (pid: 18762)
[2017-10-25 15:00:21 +0000] [18751] [INFO] Shutting down: Master
[2017-10-25 15:00:23 +0000] [11860] [INFO] Starting gunicorn 19.7.1
[2017-10-25 15:00:23 +0000] [11860] [INFO] Listening at: http://127.0.0.1:8000 (11860)
[2017-10-25 15:00:23 +0000] [11860] [INFO] Using worker: gevent
[2017-10-25 15:00:23 +0000] [11865] [INFO] Booting worker with pid: 11865
[2017-10-25 15:00:23 +0000] [11867] [INFO] Booting worker with pid: 11867
[2017-10-25 15:00:24 +0000] [11871] [INFO] Booting worker with pid: 11871
[2017-10-25 15:00:24 +0000] [11872] [INFO] Booting worker with pid: 11872
[2017-10-25 15:00:24 +0000] [11873] [INFO] Booting worker with pid: 11873
[2017-10-25 15:00:24 +0000] [11876] [INFO] Booting worker with pid: 11876
[2017-10-25 15:00:24 +0000] [11878] [INFO] Booting worker with pid: 11878
[2017-10-25 15:00:24 +0000] [11880] [INFO] Booting worker with pid: 11880
[2017-10-25 15:00:24 +0000] [11881] [INFO] Booting worker with pid: 11881
[2017-10-25 15:00:24 +0000] [11882] [INFO] Booting worker with pid: 11882
[2017-10-25 17:39:58 +0000] [11860] [INFO] Handling signal: term
[2017-10-25 17:39:58 +0000] [11872] [INFO] Worker exiting (pid: 11872)
[2017-10-25 17:39:58 +0000] [11865] [INFO] Worker exiting (pid: 11865)
[2017-10-25 17:39:58 +0000] [11871] [INFO] Worker exiting (pid: 11871)
[2017-10-25 17:39:58 +0000] [11878] [INFO] Worker exiting (pid: 11878)
[2017-10-25 17:39:58 +0000] [11881] [INFO] Worker exiting (pid: 11881)
[2017-10-25 17:39:58 +0000] [11882] [INFO] Worker exiting (pid: 11882)
[2017-10-25 17:39:58 +0000] [11873] [INFO] Worker exiting (pid: 11873)
[2017-10-25 17:39:58 +0000] [11880] [INFO] Worker exiting (pid: 11880)
[2017-10-25 17:39:58 +0000] [11876] [INFO] Worker exiting (pid: 11876)
[2017-10-25 17:39:58 +0000] [11867] [INFO] Worker exiting (pid: 11867)
[2017-10-25 17:39:59 +0000] [11860] [INFO] Shutting down: Master
[2017-10-25 17:40:10 +0000] [19869] [INFO] Starting gunicorn 19.7.1
[2017-10-25 17:40:10 +0000] [19869] [INFO] Listening at: http://127.0.0.1:8000 (19869)
[2017-10-25 17:40:10 +0000] [19869] [INFO] Using worker: gevent
[2017-10-25 17:40:10 +0000] [19874] [INFO] Booting worker with pid: 19874
[2017-10-25 17:40:10 +0000] [19875] [INFO] Booting worker with pid: 19875
[2017-10-25 17:40:10 +0000] [19876] [INFO] Booting worker with pid: 19876
[2017-10-25 17:40:10 +0000] [19879] [INFO] Booting worker with pid: 19879
[2017-10-25 17:40:10 +0000] [19881] [INFO] Booting worker with pid: 19881
[2017-10-25 17:40:10 +0000] [19883] [INFO] Booting worker with pid: 19883
[2017-10-25 17:40:10 +0000] [19884] [INFO] Booting worker with pid: 19884
[2017-10-25 17:40:10 +0000] [19886] [INFO] Booting worker with pid: 19886
[2017-10-25 17:40:11 +0000] [19889] [INFO] Booting worker with pid: 19889
[2017-10-25 17:40:11 +0000] [19891] [INFO] Booting worker with pid: 19891
[2017-10-25 17:42:04 +0000] [19869] [INFO] Handling signal: term
[2017-10-25 17:42:04 +0000] [19883] [INFO] Worker exiting (pid: 19883)
[2017-10-25 17:42:04 +0000] [19884] [INFO] Worker exiting (pid: 19884)
[2017-10-25 17:42:04 +0000] [19886] [INFO] Worker exiting (pid: 19886)
[2017-10-25 17:42:04 +0000] [19891] [INFO] Worker exiting (pid: 19891)
[2017-10-25 17:42:05 +0000] [19889] [INFO] Worker exiting (pid: 19889)
[2017-10-25 17:42:05 +0000] [19874] [INFO] Worker exiting (pid: 19874)
[2017-10-25 17:42:05 +0000] [19875] [INFO] Worker exiting (pid: 19875)
[2017-10-25 17:42:05 +0000] [19876] [INFO] Worker exiting (pid: 19876)
[2017-10-25 17:42:05 +0000] [19879] [INFO] Worker exiting (pid: 19879)
[2017-10-25 17:42:05 +0000] [19881] [INFO] Worker exiting (pid: 19881)
[2017-10-25 17:42:05 +0000] [19869] [INFO] Shutting down: Master
[2017-10-25 17:42:07 +0000] [20182] [INFO] Starting gunicorn 19.7.1
[2017-10-25 17:42:07 +0000] [20182] [INFO] Listening at: http://127.0.0.1:8000 (20182)
[2017-10-25 17:42:07 +0000] [20182] [INFO] Using worker: gevent
[2017-10-25 17:42:07 +0000] [20187] [INFO] Booting worker with pid: 20187
[2017-10-25 17:42:07 +0000] [20190] [INFO] Booting worker with pid: 20190
[2017-10-25 17:42:07 +0000] [20193] [INFO] Booting worker with pid: 20193
[2017-10-25 17:42:08 +0000] [20194] [INFO] Booting worker with pid: 20194
[2017-10-25 17:42:08 +0000] [20198] [INFO] Booting worker with pid: 20198
[2017-10-25 17:42:08 +0000] [20200] [INFO] Booting worker with pid: 20200
[2017-10-25 17:42:08 +0000] [20201] [INFO] Booting worker with pid: 20201
[2017-10-25 17:42:08 +0000] [20203] [INFO] Booting worker with pid: 20203
[2017-10-25 17:42:08 +0000] [20205] [INFO] Booting worker with pid: 20205
[2017-10-25 17:42:08 +0000] [20207] [INFO] Booting worker with pid: 20207
[2017-11-01 19:32:20 +0000] [20182] [INFO] Handling signal: term
[2017-11-01 19:32:20 +0000] [20207] [INFO] Worker exiting (pid: 20207)
[2017-11-01 19:32:20 +0000] [20190] [INFO] Worker exiting (pid: 20190)
[2017-11-01 19:32:20 +0000] [20203] [INFO] Worker exiting (pid: 20203)
[2017-11-01 19:32:20 +0000] [20193] [INFO] Worker exiting (pid: 20193)
[2017-11-01 19:32:20 +0000] [20187] [INFO] Worker exiting (pid: 20187)
[2017-11-01 19:32:20 +0000] [20205] [INFO] Worker exiting (pid: 20205)
[2017-11-01 19:32:20 +0000] [20200] [INFO] Worker exiting (pid: 20200)
[2017-11-01 19:32:20 +0000] [20198] [INFO] Worker exiting (pid: 20198)
[2017-11-01 19:32:21 +0000] [20201] [INFO] Worker exiting (pid: 20201)
[2017-11-01 19:32:21 +0000] [20194] [INFO] Worker exiting (pid: 20194)
[2017-11-01 19:32:21 +0000] [20182] [INFO] Shutting down: Master
[2017-11-01 19:32:23 +0000] [31009] [INFO] Starting gunicorn 19.7.1
[2017-11-01 19:32:23 +0000] [31009] [INFO] Listening at: http://127.0.0.1:8000 (31009)
[2017-11-01 19:32:23 +0000] [31009] [INFO] Using worker: gevent
[2017-11-01 19:32:23 +0000] [31014] [INFO] Booting worker with pid: 31014
[2017-11-01 19:32:23 +0000] [31015] [INFO] Booting worker with pid: 31015
[2017-11-01 19:32:23 +0000] [31016] [INFO] Booting worker with pid: 31016
[2017-11-01 19:32:23 +0000] [31017] [INFO] Booting worker with pid: 31017
[2017-11-01 19:32:23 +0000] [31018] [INFO] Booting worker with pid: 31018
[2017-11-01 19:32:23 +0000] [31020] [INFO] Booting worker with pid: 31020
[2017-11-01 19:32:23 +0000] [31022] [INFO] Booting worker with pid: 31022
[2017-11-01 19:32:23 +0000] [31024] [INFO] Booting worker with pid: 31024
[2017-11-01 19:32:23 +0000] [31025] [INFO] Booting worker with pid: 31025
[2017-11-01 19:32:24 +0000] [31029] [INFO] Booting worker with pid: 31029
[2018-01-12 01:28:33 +0000] [31009] [INFO] Handling signal: hup
[2018-01-12 01:28:33 +0000] [31009] [INFO] Hang up: Master
[2018-01-12 01:28:33 +0000] [31009] [INFO] Handling signal: term
[2018-01-12 01:28:33 +0000] [30047] [INFO] Booting worker with pid: 30047
[2018-01-12 01:28:33 +0000] [30048] [INFO] Booting worker with pid: 30048
[2018-01-12 01:28:33 +0000] [30049] [INFO] Booting worker with pid: 30049
[2018-01-12 01:28:33 +0000] [30053] [INFO] Booting worker with pid: 30053
[2018-01-12 01:28:33 +0000] [30055] [INFO] Booting worker with pid: 30055
[2018-01-12 01:28:33 +0000] [30058] [INFO] Booting worker with pid: 30058
[2018-01-12 01:28:33 +0000] [30054] [INFO] Booting worker with pid: 30054
[2018-01-12 01:28:33 +0000] [30056] [INFO] Booting worker with pid: 30056
[2018-01-12 01:28:33 +0000] [30059] [INFO] Booting worker with pid: 30059
[2018-01-12 01:28:33 +0000] [30057] [INFO] Booting worker with pid: 30057
[2018-01-12 01:29:03 +0000] [31009] [INFO] Shutting down: Master
[2018-01-12 09:38:38 +0000] [10494] [INFO] Starting gunicorn 19.7.1
[2018-01-12 09:38:38 +0000] [10494] [INFO] Listening at: http://127.0.0.1:8000 (10494)
[2018-01-12 09:38:38 +0000] [10494] [INFO] Using worker: gevent
[2018-01-12 09:38:38 +0000] [10499] [INFO] Booting worker with pid: 10499
[2018-01-12 09:38:38 +0000] [10500] [INFO] Booting worker with pid: 10500
[2018-01-12 09:38:38 +0000] [10501] [INFO] Booting worker with pid: 10501
[2018-01-12 09:38:38 +0000] [10502] [INFO] Booting worker with pid: 10502
[2018-01-12 09:38:38 +0000] [10503] [INFO] Booting worker with pid: 10503
[2018-01-12 09:38:38 +0000] [10504] [INFO] Booting worker with pid: 10504
[2018-01-12 09:38:38 +0000] [10505] [INFO] Booting worker with pid: 10505
[2018-01-12 09:38:38 +0000] [10506] [INFO] Booting worker with pid: 10506
[2018-01-12 09:38:39 +0000] [10507] [INFO] Booting worker with pid: 10507
[2018-01-12 09:38:39 +0000] [10508] [INFO] Booting worker with pid: 10508
[2018-03-28 16:41:57 +0000] [10494] [INFO] Handling signal: hup
[2018-03-28 16:41:57 +0000] [10494] [INFO] Hang up: Master
[2018-03-28 16:41:57 +0000] [21345] [INFO] Booting worker with pid: 21345
[2018-03-28 16:41:57 +0000] [21351] [INFO] Booting worker with pid: 21351
[2018-03-28 16:41:57 +0000] [21353] [INFO] Booting worker with pid: 21353
[2018-03-28 16:41:57 +0000] [21352] [INFO] Booting worker with pid: 21352
[2018-03-28 16:41:57 +0000] [21354] [INFO] Booting worker with pid: 21354
[2018-03-28 16:41:57 +0000] [21355] [INFO] Booting worker with pid: 21355
[2018-03-28 16:41:57 +0000] [10494] [INFO] Handling signal: term
[2018-03-28 16:41:57 +0000] [21362] [INFO] Booting worker with pid: 21362
[2018-03-28 16:41:57 +0000] [21361] [INFO] Booting worker with pid: 21361
[2018-03-28 16:41:57 +0000] [21363] [INFO] Booting worker with pid: 21363
[2018-03-28 16:41:57 +0000] [21364] [INFO] Booting worker with pid: 21364
[2018-03-28 16:42:27 +0000] [10494] [INFO] Shutting down: Master
[2018-03-28 16:57:09 +0000] [2323] [INFO] Starting gunicorn 19.7.1
[2018-03-28 16:57:09 +0000] [2323] [INFO] Listening at: http://127.0.0.1:8000 (2323)
[2018-03-28 16:57:09 +0000] [2323] [INFO] Using worker: gevent
[2018-03-28 16:57:09 +0000] [2328] [INFO] Booting worker with pid: 2328
[2018-03-28 16:57:09 +0000] [2329] [INFO] Booting worker with pid: 2329
[2018-03-28 16:57:09 +0000] [2330] [INFO] Booting worker with pid: 2330
[2018-03-28 16:57:09 +0000] [2331] [INFO] Booting worker with pid: 2331
[2018-03-28 16:57:09 +0000] [2332] [INFO] Booting worker with pid: 2332
[2018-03-28 16:57:09 +0000] [2333] [INFO] Booting worker with pid: 2333
[2018-03-28 16:57:09 +0000] [2334] [INFO] Booting worker with pid: 2334
[2018-03-28 16:57:09 +0000] [2335] [INFO] Booting worker with pid: 2335
[2018-03-28 16:57:09 +0000] [2336] [INFO] Booting worker with pid: 2336
[2018-03-28 16:57:09 +0000] [2337] [INFO] Booting worker with pid: 2337
[2018-03-29 22:47:16 +0000] [2323] [INFO] Handling signal: hup
[2018-03-29 22:47:16 +0000] [2323] [INFO] Hang up: Master
[2018-03-29 22:47:16 +0000] [2801] [INFO] Booting worker with pid: 2801
[2018-03-29 22:47:16 +0000] [2802] [INFO] Booting worker with pid: 2802
[2018-03-29 22:47:16 +0000] [2803] [INFO] Booting worker with pid: 2803
[2018-03-29 22:47:16 +0000] [2814] [INFO] Booting worker with pid: 2814
[2018-03-29 22:47:16 +0000] [2811] [INFO] Booting worker with pid: 2811
[2018-03-29 22:47:16 +0000] [2810] [INFO] Booting worker with pid: 2810
[2018-03-29 22:47:16 +0000] [2813] [INFO] Booting worker with pid: 2813
[2018-03-29 22:47:16 +0000] [2812] [INFO] Booting worker with pid: 2812
[2018-03-29 22:47:16 +0000] [2323] [INFO] Handling signal: term
[2018-03-29 22:47:16 +0000] [2820] [INFO] Booting worker with pid: 2820
[2018-03-29 22:47:16 +0000] [2821] [INFO] Booting worker with pid: 2821
[2018-03-29 22:47:46 +0000] [2323] [INFO] Shutting down: Master
[2018-03-29 22:50:42 +0000] [1519] [INFO] Starting gunicorn 19.7.1
[2018-03-29 22:50:42 +0000] [1519] [INFO] Listening at: http://127.0.0.1:8000 (1519)
[2018-03-29 22:50:42 +0000] [1519] [INFO] Using worker: gevent
[2018-03-29 22:50:42 +0000] [1524] [INFO] Booting worker with pid: 1524
[2018-03-29 22:50:42 +0000] [1525] [INFO] Booting worker with pid: 1525
[2018-03-29 22:50:42 +0000] [1526] [INFO] Booting worker with pid: 1526
[2018-03-29 22:50:42 +0000] [1527] [INFO] Booting worker with pid: 1527
[2018-03-29 22:50:42 +0000] [1528] [INFO] Booting worker with pid: 1528
[2018-03-29 22:50:42 +0000] [1529] [INFO] Booting worker with pid: 1529
[2018-03-29 22:50:42 +0000] [1530] [INFO] Booting worker with pid: 1530
[2018-03-29 22:50:42 +0000] [1531] [INFO] Booting worker with pid: 1531
[2018-03-29 22:50:42 +0000] [1532] [INFO] Booting worker with pid: 1532
[2018-03-29 22:50:42 +0000] [1533] [INFO] Booting worker with pid: 1533
[2018-03-29 23:03:15 +0000] [1519] [INFO] Handling signal: hup
[2018-03-29 23:03:15 +0000] [1519] [INFO] Hang up: Master
[2018-03-29 23:03:15 +0000] [16416] [INFO] Booting worker with pid: 16416
[2018-03-29 23:03:15 +0000] [16417] [INFO] Booting worker with pid: 16417
[2018-03-29 23:03:15 +0000] [1519] [INFO] Handling signal: term
[2018-03-29 23:03:15 +0000] [16424] [INFO] Booting worker with pid: 16424
[2018-03-29 23:03:15 +0000] [16427] [INFO] Booting worker with pid: 16427
[2018-03-29 23:03:15 +0000] [16423] [INFO] Booting worker with pid: 16423
[2018-03-29 23:03:15 +0000] [16425] [INFO] Booting worker with pid: 16425
[2018-03-29 23:03:15 +0000] [16426] [INFO] Booting worker with pid: 16426
[2018-03-29 23:03:15 +0000] [16431] [INFO] Booting worker with pid: 16431
[2018-03-29 23:03:15 +0000] [16430] [INFO] Booting worker with pid: 16430
[2018-03-29 23:03:15 +0000] [16432] [INFO] Booting worker with pid: 16432
[2018-03-29 23:03:45 +0000] [1519] [INFO] Shutting down: Master
[2018-03-30 14:58:52 +0000] [16120] [INFO] Starting gunicorn 19.7.1
[2018-03-30 14:58:52 +0000] [16120] [INFO] Listening at: http://127.0.0.1:8000 (16120)
[2018-03-30 14:58:52 +0000] [16120] [INFO] Using worker: gevent
[2018-03-30 14:58:52 +0000] [16164] [INFO] Booting worker with pid: 16164
[2018-03-30 14:58:52 +0000] [16165] [INFO] Booting worker with pid: 16165
[2018-03-30 14:58:53 +0000] [16166] [INFO] Booting worker with pid: 16166
[2018-03-30 14:58:53 +0000] [16167] [INFO] Booting worker with pid: 16167
[2018-03-30 14:58:53 +0000] [16168] [INFO] Booting worker with pid: 16168
[2018-03-30 14:58:53 +0000] [16169] [INFO] Booting worker with pid: 16169
[2018-03-30 14:58:53 +0000] [16170] [INFO] Booting worker with pid: 16170
[2018-03-30 14:58:53 +0000] [16171] [INFO] Booting worker with pid: 16171
[2018-03-30 14:58:53 +0000] [16172] [INFO] Booting worker with pid: 16172
[2018-03-30 14:58:53 +0000] [16176] [INFO] Booting worker with pid: 16176
[2018-04-13 19:43:33 +0000] [16120] [INFO] Handling signal: term
[2018-04-13 19:43:34 +0000] [16169] [INFO] Worker exiting (pid: 16169)
[2018-04-13 19:43:34 +0000] [16166] [INFO] Worker exiting (pid: 16166)
[2018-04-13 19:43:34 +0000] [16167] [INFO] Worker exiting (pid: 16167)
[2018-04-13 19:43:34 +0000] [16171] [INFO] Worker exiting (pid: 16171)
[2018-04-13 19:43:34 +0000] [16164] [INFO] Worker exiting (pid: 16164)
[2018-04-13 19:43:34 +0000] [16176] [INFO] Worker exiting (pid: 16176)
[2018-04-13 19:43:34 +0000] [16172] [INFO] Worker exiting (pid: 16172)
[2018-04-13 19:43:34 +0000] [16168] [INFO] Worker exiting (pid: 16168)
[2018-04-13 19:43:34 +0000] [16165] [INFO] Worker exiting (pid: 16165)
[2018-04-13 19:43:34 +0000] [16170] [INFO] Worker exiting (pid: 16170)
[2018-04-13 19:43:35 +0000] [16120] [INFO] Shutting down: Master
